CRITICAL - 2023-02-22 07:08:21 --> The framework needs the following extension(s) installed and loaded: curl, intl, mbstring.
in SYSTEMPATH\CodeIgniter.php on line 231.
 1 SYSTEMPATH\CodeIgniter.php(231): CodeIgniter\Exceptions\FrameworkException::forMissingExtension('curl, intl, mbstring')
 2 SYSTEMPATH\CodeIgniter.php(189): CodeIgniter\CodeIgniter->resolvePlatformExtensions()
 3 ROOTPATH\spark(71): CodeIgniter\CodeIgniter->initialize()
CRITICAL - 2023-02-22 07:08:21 --> Uncaught Error: Call to undefined function CodeIgniter\CLI\mb_strpos() in E:\codeigniter4-CodeIgniter4-061356b\system\CLI\CLI.php:776
Stack trace:
#0 E:\codeigniter4-CodeIgniter4-061356b\system\CLI\CLI.php(161): CodeIgniter\CLI\CLI::parseCommandLine()
#1 E:\codeigniter4-CodeIgniter4-061356b\system\CLI\CLI.php(1018): CodeIgniter\CLI\CLI::init()
#2 E:\codeigniter4-CodeIgniter4-061356b\system\Autoloader\Autoloader.php(284): include_once('E:\\codeigniter4...')
#3 E:\codeigniter4-CodeIgniter4-061356b\system\Autoloader\Autoloader.php(261): CodeIgniter\Autoloader\Autoloader->includeFile('E:\\codeigniter4...')
#4 E:\codeigniter4-CodeIgniter4-061356b\system\Autoloader\Autoloader.php(239): CodeIgniter\Autoloader\Autoloader->loadInNamespace('CodeIgniter\\CLI...')
#5 [internal function]: CodeIgniter\Autoloader\Autoloader->loadClass('CodeIgniter\\CLI...')
#6 E:\codeigniter4-CodeIgniter4-061356b\app\Views\errors\cli\error_exception.php(6): spl_autoload_call('CodeIgniter\\CLI...')
#7 E:\codeigniter4-CodeIgniter4-061356b\app
in SYSTEMPATH\CLI\CLI.php on line 776.
 1 [internal function]: CodeIgniter\Debug\Exceptions->shutdownHandler()
CRITICAL - 2023-02-22 11:04:59 --> The framework needs the following extension(s) installed and loaded: intl.
in SYSTEMPATH\CodeIgniter.php on line 231.
 1 SYSTEMPATH\CodeIgniter.php(231): CodeIgniter\Exceptions\FrameworkException::forMissingExtension('intl')
 2 SYSTEMPATH\CodeIgniter.php(189): CodeIgniter\CodeIgniter->resolvePlatformExtensions()
 3 ROOTPATH\spark(71): CodeIgniter\CodeIgniter->initialize()
