CRITICAL - 2023-08-17 07:20:53 --> The framework needs the following extension(s) installed and loaded: curl, intl, mbstring.
in SYSTEMPATH\CodeIgniter.php on line 231.
 1 SYSTEMPATH\CodeIgniter.php(231): CodeIgniter\Exceptions\FrameworkException::forMissingExtension('curl, intl, mbstring')
 2 SYSTEMPATH\CodeIgniter.php(189): CodeIgniter\CodeIgniter->resolvePlatformExtensions()
 3 ROOTPATH\spark(71): CodeIgniter\CodeIgniter->initialize()
CRITICAL - 2023-08-17 07:20:53 --> Uncaught Error: Call to undefined function CodeIgniter\CLI\mb_strpos() in C:\Axel\system\CLI\CLI.php:776
Stack trace:
#0 C:\Axel\system\CLI\CLI.php(161): CodeIgniter\CLI\CLI::parseCommandLine()
#1 C:\Axel\system\CLI\CLI.php(1018): CodeIgniter\CLI\CLI::init()
#2 C:\Axel\system\Autoloader\Autoloader.php(284): include_once('C:\\Axel\\system\\...')
#3 C:\Axel\system\Autoloader\Autoloader.php(261): CodeIgniter\Autoloader\Autoloader->includeFile('C:\\Axel\\system\\...')
#4 C:\Axel\system\Autoloader\Autoloader.php(239): CodeIgniter\Autoloader\Autoloader->loadInNamespace('CodeIgniter\\CLI...')
#5 [internal function]: CodeIgniter\Autoloader\Autoloader->loadClass('CodeIgniter\\CLI...')
#6 C:\Axel\app\Views\errors\cli\error_exception.php(6): spl_autoload_call('CodeIgniter\\CLI...')
#7 C:\Axel\app\Views\errors\cli\production.php(5): include('C:\\Axel\\app\\Vie...')
#8 C:\Axel\system\Debug\Exceptions.php(239): include('C:\\Axel\\app\\Vie...')
#9 C:\Axel\system\Debug\Exceptions.php(242): CodeIgniter\Debug\Exceptions->CodeI
in SYSTEMPATH\CLI\CLI.php on line 776.
 1 [internal function]: CodeIgniter\Debug\Exceptions->shutdownHandler()
CRITICAL - 2023-08-17 07:22:04 --> The framework needs the following extension(s) installed and loaded: curl, intl, mbstring.
in SYSTEMPATH\CodeIgniter.php on line 231.
 1 SYSTEMPATH\CodeIgniter.php(231): CodeIgniter\Exceptions\FrameworkException::forMissingExtension('curl, intl, mbstring')
 2 SYSTEMPATH\CodeIgniter.php(189): CodeIgniter\CodeIgniter->resolvePlatformExtensions()
 3 ROOTPATH\spark(71): CodeIgniter\CodeIgniter->initialize()
CRITICAL - 2023-08-17 07:22:04 --> Uncaught Error: Call to undefined function CodeIgniter\CLI\mb_strpos() in C:\Axel\system\CLI\CLI.php:776
Stack trace:
#0 C:\Axel\system\CLI\CLI.php(161): CodeIgniter\CLI\CLI::parseCommandLine()
#1 C:\Axel\system\CLI\CLI.php(1018): CodeIgniter\CLI\CLI::init()
#2 C:\Axel\system\Autoloader\Autoloader.php(284): include_once('C:\\Axel\\system\\...')
#3 C:\Axel\system\Autoloader\Autoloader.php(261): CodeIgniter\Autoloader\Autoloader->includeFile('C:\\Axel\\system\\...')
#4 C:\Axel\system\Autoloader\Autoloader.php(239): CodeIgniter\Autoloader\Autoloader->loadInNamespace('CodeIgniter\\CLI...')
#5 [internal function]: CodeIgniter\Autoloader\Autoloader->loadClass('CodeIgniter\\CLI...')
#6 C:\Axel\app\Views\errors\cli\error_exception.php(6): spl_autoload_call('CodeIgniter\\CLI...')
#7 C:\Axel\app\Views\errors\cli\production.php(5): include('C:\\Axel\\app\\Vie...')
#8 C:\Axel\system\Debug\Exceptions.php(239): include('C:\\Axel\\app\\Vie...')
#9 C:\Axel\system\Debug\Exceptions.php(242): CodeIgniter\Debug\Exceptions->CodeI
in SYSTEMPATH\CLI\CLI.php on line 776.
 1 [internal function]: CodeIgniter\Debug\Exceptions->shutdownHandler()
CRITICAL - 2023-08-17 00:26:45 --> Undefined variable $maclasse
in APPPATH\Views\template-parts\header.php on line 37.
 1 APPPATH\Views\template-parts\header.php(37): CodeIgniter\Debug\Exceptions->errorHandler(2, 'Undefined variable $maclasse', 'APPPATH\\Views\\template-parts\\header.php', 37)
 2 SYSTEMPATH\View\View.php(213): include('APPPATH\\Views\\template-parts\\header.php')
 3 SYSTEMPATH\View\View.php(216): CodeIgniter\View\View->CodeIgniter\View\{closure}()
 4 SYSTEMPATH\Common.php(1135): CodeIgniter\View\View->render('template-parts/header', [], true)
 5 APPPATH\Controllers\Accueil.php(12): view('template-parts/header', [...])
 6 SYSTEMPATH\CodeIgniter.php(896): App\Controllers\Accueil->accueil()
 7 SYSTEMPATH\CodeIgniter.php(466): CodeIgniter\CodeIgniter->runController(Object(App\Controllers\Accueil))
 8 SYSTEMPATH\CodeIgniter.php(349): CodeIgniter\CodeIgniter->handleRequest(null, Object(Config\Cache), false)
 9 FCPATH\index.php(55): CodeIgniter\CodeIgniter->run()
10 SYSTEMPATH\Commands\Server\rewrite.php(43): require_once('FCPATH\\index.php')
CRITICAL - 2023-08-17 03:21:16 --> Undefined variable $maclasse
in APPPATH\Views\template-parts\header.php on line 37.
 1 APPPATH\Views\template-parts\header.php(37): CodeIgniter\Debug\Exceptions->errorHandler(2, 'Undefined variable $maclasse', 'APPPATH\\Views\\template-parts\\header.php', 37)
 2 SYSTEMPATH\View\View.php(213): include('APPPATH\\Views\\template-parts\\header.php')
 3 SYSTEMPATH\View\View.php(216): CodeIgniter\View\View->CodeIgniter\View\{closure}()
 4 SYSTEMPATH\Common.php(1135): CodeIgniter\View\View->render('template-parts/header', [], true)
 5 APPPATH\Controllers\Accueil.php(12): view('template-parts/header', [...])
 6 SYSTEMPATH\CodeIgniter.php(896): App\Controllers\Accueil->accueil()
 7 SYSTEMPATH\CodeIgniter.php(466): CodeIgniter\CodeIgniter->runController(Object(App\Controllers\Accueil))
 8 SYSTEMPATH\CodeIgniter.php(349): CodeIgniter\CodeIgniter->handleRequest(null, Object(Config\Cache), false)
 9 FCPATH\index.php(55): CodeIgniter\CodeIgniter->run()
10 SYSTEMPATH\Commands\Server\rewrite.php(43): require_once('FCPATH\\index.php')
