CRITICAL - 2024-12-02 08:42:40 --> Undefined property: App\Controllers\Scraper::$load
in APPPATH\Controllers\Scraper.php on line 11.
 1 APPPATH\Controllers\Scraper.php(11): CodeIgniter\Debug\Exceptions->errorHandler(2, 'Undefined property: App\\Controllers\\Scraper::$load', 'APPPATH\\Controllers\\Scraper.php', 11)
 2 SYSTEMPATH\CodeIgniter.php(896): App\Controllers\Scraper->index()
 3 SYSTEMPATH\CodeIgniter.php(466): CodeIgniter\CodeIgniter->runController(Object(App\Controllers\Scraper))
 4 SYSTEMPATH\CodeIgniter.php(349): CodeIgniter\CodeIgniter->handleRequest(null, Object(Config\Cache), false)
 5 FCPATH\index.php(58): CodeIgniter\CodeIgniter->run()
 6 SYSTEMPATH\Commands\Server\Rewrite.php(34): require_once('FCPATH\\index.php')
CRITICAL - 2024-12-02 08:43:09 --> Undefined property: App\Controllers\Scraper::$load
in APPPATH\Controllers\Scraper.php on line 11.
 1 APPPATH\Controllers\Scraper.php(11): CodeIgniter\Debug\Exceptions->errorHandler(2, 'Undefined property: App\\Controllers\\Scraper::$load', 'APPPATH\\Controllers\\Scraper.php', 11)
 2 SYSTEMPATH\CodeIgniter.php(896): App\Controllers\Scraper->index()
 3 SYSTEMPATH\CodeIgniter.php(466): CodeIgniter\CodeIgniter->runController(Object(App\Controllers\Scraper))
 4 SYSTEMPATH\CodeIgniter.php(349): CodeIgniter\CodeIgniter->handleRequest(null, Object(Config\Cache), false)
 5 FCPATH\index.php(58): CodeIgniter\CodeIgniter->run()
 6 SYSTEMPATH\Commands\Server\Rewrite.php(34): require_once('FCPATH\\index.php')
CRITICAL - 2024-12-02 08:43:12 --> Undefined property: App\Controllers\Scraper::$load
in APPPATH\Controllers\Scraper.php on line 11.
 1 APPPATH\Controllers\Scraper.php(11): CodeIgniter\Debug\Exceptions->errorHandler(2, 'Undefined property: App\\Controllers\\Scraper::$load', 'APPPATH\\Controllers\\Scraper.php', 11)
 2 SYSTEMPATH\CodeIgniter.php(896): App\Controllers\Scraper->index()
 3 SYSTEMPATH\CodeIgniter.php(466): CodeIgniter\CodeIgniter->runController(Object(App\Controllers\Scraper))
 4 SYSTEMPATH\CodeIgniter.php(349): CodeIgniter\CodeIgniter->handleRequest(null, Object(Config\Cache), false)
 5 FCPATH\index.php(58): CodeIgniter\CodeIgniter->run()
 6 SYSTEMPATH\Commands\Server\Rewrite.php(34): require_once('FCPATH\\index.php')
CRITICAL - 2024-12-02 08:43:56 --> Undefined property: App\Controllers\Scraper::$load
in APPPATH\Controllers\Scraper.php on line 10.
 1 APPPATH\Controllers\Scraper.php(10): CodeIgniter\Debug\Exceptions->errorHandler(2, 'Undefined property: App\\Controllers\\Scraper::$load', 'APPPATH\\Controllers\\Scraper.php', 10)
 2 SYSTEMPATH\CodeIgniter.php(896): App\Controllers\Scraper->index()
 3 SYSTEMPATH\CodeIgniter.php(466): CodeIgniter\CodeIgniter->runController(Object(App\Controllers\Scraper))
 4 SYSTEMPATH\CodeIgniter.php(349): CodeIgniter\CodeIgniter->handleRequest(null, Object(Config\Cache), false)
 5 FCPATH\index.php(58): CodeIgniter\CodeIgniter->run()
 6 SYSTEMPATH\Commands\Server\Rewrite.php(34): require_once('FCPATH\\index.php')
CRITICAL - 2024-12-02 08:43:59 --> Undefined property: App\Controllers\Scraper::$load
in APPPATH\Controllers\Scraper.php on line 10.
 1 APPPATH\Controllers\Scraper.php(10): CodeIgniter\Debug\Exceptions->errorHandler(2, 'Undefined property: App\\Controllers\\Scraper::$load', 'APPPATH\\Controllers\\Scraper.php', 10)
 2 SYSTEMPATH\CodeIgniter.php(896): App\Controllers\Scraper->index()
 3 SYSTEMPATH\CodeIgniter.php(466): CodeIgniter\CodeIgniter->runController(Object(App\Controllers\Scraper))
 4 SYSTEMPATH\CodeIgniter.php(349): CodeIgniter\CodeIgniter->handleRequest(null, Object(Config\Cache), false)
 5 FCPATH\index.php(58): CodeIgniter\CodeIgniter->run()
 6 SYSTEMPATH\Commands\Server\Rewrite.php(34): require_once('FCPATH\\index.php')
CRITICAL - 2024-12-02 09:23:24 --> Undefined property: App\Controllers\Scraper::$load
in APPPATH\Controllers\Scraper.php on line 14.
 1 APPPATH\Controllers\Scraper.php(14): CodeIgniter\Debug\Exceptions->errorHandler(2, 'Undefined property: App\\Controllers\\Scraper::$load', 'APPPATH\\Controllers\\Scraper.php', 14)
 2 SYSTEMPATH\CodeIgniter.php(896): App\Controllers\Scraper->process()
 3 SYSTEMPATH\CodeIgniter.php(466): CodeIgniter\CodeIgniter->runController(Object(App\Controllers\Scraper))
 4 SYSTEMPATH\CodeIgniter.php(349): CodeIgniter\CodeIgniter->handleRequest(null, Object(Config\Cache), false)
 5 FCPATH\index.php(58): CodeIgniter\CodeIgniter->run()
 6 SYSTEMPATH\Commands\Server\Rewrite.php(34): require_once('FCPATH\\index.php')
CRITICAL - 2024-12-02 09:24:10 --> Undefined property: App\Controllers\Scraper::$load
in APPPATH\Controllers\Scraper.php on line 14.
 1 APPPATH\Controllers\Scraper.php(14): CodeIgniter\Debug\Exceptions->errorHandler(2, 'Undefined property: App\\Controllers\\Scraper::$load', 'APPPATH\\Controllers\\Scraper.php', 14)
 2 SYSTEMPATH\CodeIgniter.php(896): App\Controllers\Scraper->process()
 3 SYSTEMPATH\CodeIgniter.php(466): CodeIgniter\CodeIgniter->runController(Object(App\Controllers\Scraper))
 4 SYSTEMPATH\CodeIgniter.php(349): CodeIgniter\CodeIgniter->handleRequest(null, Object(Config\Cache), false)
 5 FCPATH\index.php(58): CodeIgniter\CodeIgniter->run()
 6 SYSTEMPATH\Commands\Server\Rewrite.php(34): require_once('FCPATH\\index.php')
CRITICAL - 2024-12-02 09:24:43 --> Undefined property: App\Controllers\Scraper::$load
in APPPATH\Controllers\Scraper.php on line 14.
 1 APPPATH\Controllers\Scraper.php(14): CodeIgniter\Debug\Exceptions->errorHandler(2, 'Undefined property: App\\Controllers\\Scraper::$load', 'APPPATH\\Controllers\\Scraper.php', 14)
 2 SYSTEMPATH\CodeIgniter.php(896): App\Controllers\Scraper->process()
 3 SYSTEMPATH\CodeIgniter.php(466): CodeIgniter\CodeIgniter->runController(Object(App\Controllers\Scraper))
 4 SYSTEMPATH\CodeIgniter.php(349): CodeIgniter\CodeIgniter->handleRequest(null, Object(Config\Cache), false)
 5 FCPATH\index.php(58): CodeIgniter\CodeIgniter->run()
 6 SYSTEMPATH\Commands\Server\Rewrite.php(34): require_once('FCPATH\\index.php')
CRITICAL - 2024-12-02 09:42:50 --> Class "App\Libraries\SimpleXLSX" not found
in APPPATH\Controllers\Scraper.php on line 21.
 1 SYSTEMPATH\CodeIgniter.php(896): App\Controllers\Scraper->process()
 2 SYSTEMPATH\CodeIgniter.php(466): CodeIgniter\CodeIgniter->runController(Object(App\Controllers\Scraper))
 3 SYSTEMPATH\CodeIgniter.php(349): CodeIgniter\CodeIgniter->handleRequest(null, Object(Config\Cache), false)
 4 FCPATH\index.php(58): CodeIgniter\CodeIgniter->run()
 5 SYSTEMPATH\Commands\Server\Rewrite.php(34): require_once('FCPATH\\index.php')
CRITICAL - 2024-12-02 09:49:20 --> Class "App\Libraries\SimpleXLSX" not found
in APPPATH\Controllers\Scraper.php on line 21.
 1 SYSTEMPATH\CodeIgniter.php(896): App\Controllers\Scraper->process()
 2 SYSTEMPATH\CodeIgniter.php(466): CodeIgniter\CodeIgniter->runController(Object(App\Controllers\Scraper))
 3 SYSTEMPATH\CodeIgniter.php(349): CodeIgniter\CodeIgniter->handleRequest(null, Object(Config\Cache), false)
 4 FCPATH\index.php(58): CodeIgniter\CodeIgniter->run()
 5 SYSTEMPATH\Commands\Server\Rewrite.php(34): require_once('FCPATH\\index.php')
CRITICAL - 2024-12-02 09:51:29 --> Class "App\Libraries\SimpleXLSX" not found
in APPPATH\Controllers\Scraper.php on line 16.
 1 SYSTEMPATH\CodeIgniter.php(896): App\Controllers\Scraper->process()
 2 SYSTEMPATH\CodeIgniter.php(466): CodeIgniter\CodeIgniter->runController(Object(App\Controllers\Scraper))
 3 SYSTEMPATH\CodeIgniter.php(349): CodeIgniter\CodeIgniter->handleRequest(null, Object(Config\Cache), false)
 4 FCPATH\index.php(58): CodeIgniter\CodeIgniter->run()
 5 SYSTEMPATH\Commands\Server\Rewrite.php(34): require_once('FCPATH\\index.php')
CRITICAL - 2024-12-02 09:52:07 --> Class "App\Libraries\xlsxwriter" not found
in APPPATH\Controllers\Scraper.php on line 17.
 1 SYSTEMPATH\CodeIgniter.php(896): App\Controllers\Scraper->process()
 2 SYSTEMPATH\CodeIgniter.php(466): CodeIgniter\CodeIgniter->runController(Object(App\Controllers\Scraper))
 3 SYSTEMPATH\CodeIgniter.php(349): CodeIgniter\CodeIgniter->handleRequest(null, Object(Config\Cache), false)
 4 FCPATH\index.php(58): CodeIgniter\CodeIgniter->run()
 5 SYSTEMPATH\Commands\Server\Rewrite.php(34): require_once('FCPATH\\index.php')
