CRITICAL - 2023-08-16 18:40:26 --> The framework needs the following extension(s) installed and loaded: intl.
in SYSTEMPATH\CodeIgniter.php on line 231.
 1 SYSTEMPATH\CodeIgniter.php(231): CodeIgniter\Exceptions\FrameworkException::forMissingExtension('intl')
 2 SYSTEMPATH\CodeIgniter.php(189): CodeIgniter\CodeIgniter->resolvePlatformExtensions()
 3 ROOTPATH\spark(71): CodeIgniter\CodeIgniter->initialize()
CRITICAL - 2023-08-16 11:42:49 --> Undefined variable $title
in APPPATH\Views\template-parts\header.php on line 15.
 1 APPPATH\Views\template-parts\header.php(15): CodeIgniter\Debug\Exceptions->errorHandler(2, 'Undefined variable $title', 'APPPATH\\Views\\template-parts\\header.php', 15)
 2 SYSTEMPATH\View\View.php(213): include('APPPATH\\Views\\template-parts\\header.php')
 3 SYSTEMPATH\View\View.php(216): CodeIgniter\View\View->CodeIgniter\View\{closure}()
 4 SYSTEMPATH\Common.php(1135): CodeIgniter\View\View->render('template-parts/header', [], true)
 5 APPPATH\Controllers\Accueil.php(10): view('template-parts/header', [])
 6 SYSTEMPATH\CodeIgniter.php(896): App\Controllers\Accueil->accueil()
 7 SYSTEMPATH\CodeIgniter.php(466): CodeIgniter\CodeIgniter->runController(Object(App\Controllers\Accueil))
 8 SYSTEMPATH\CodeIgniter.php(349): CodeIgniter\CodeIgniter->handleRequest(null, Object(Config\Cache), false)
 9 FCPATH\index.php(55): CodeIgniter\CodeIgniter->run()
10 SYSTEMPATH\Commands\Server\rewrite.php(43): require_once('FCPATH\\index.php')
CRITICAL - 2023-08-16 11:42:53 --> Undefined variable $title
in APPPATH\Views\template-parts\header.php on line 15.
 1 APPPATH\Views\template-parts\header.php(15): CodeIgniter\Debug\Exceptions->errorHandler(2, 'Undefined variable $title', 'APPPATH\\Views\\template-parts\\header.php', 15)
 2 SYSTEMPATH\View\View.php(213): include('APPPATH\\Views\\template-parts\\header.php')
 3 SYSTEMPATH\View\View.php(216): CodeIgniter\View\View->CodeIgniter\View\{closure}()
 4 SYSTEMPATH\Common.php(1135): CodeIgniter\View\View->render('template-parts/header', [], true)
 5 APPPATH\Controllers\Accueil.php(10): view('template-parts/header', [])
 6 SYSTEMPATH\CodeIgniter.php(896): App\Controllers\Accueil->accueil()
 7 SYSTEMPATH\CodeIgniter.php(466): CodeIgniter\CodeIgniter->runController(Object(App\Controllers\Accueil))
 8 SYSTEMPATH\CodeIgniter.php(349): CodeIgniter\CodeIgniter->handleRequest(null, Object(Config\Cache), false)
 9 FCPATH\index.php(55): CodeIgniter\CodeIgniter->run()
10 SYSTEMPATH\Commands\Server\rewrite.php(43): require_once('FCPATH\\index.php')
CRITICAL - 2023-08-16 11:43:38 --> Undefined variable $title
in APPPATH\Views\template-parts\header.php on line 15.
 1 APPPATH\Views\template-parts\header.php(15): CodeIgniter\Debug\Exceptions->errorHandler(2, 'Undefined variable $title', 'APPPATH\\Views\\template-parts\\header.php', 15)
 2 SYSTEMPATH\View\View.php(213): include('APPPATH\\Views\\template-parts\\header.php')
 3 SYSTEMPATH\View\View.php(216): CodeIgniter\View\View->CodeIgniter\View\{closure}()
 4 SYSTEMPATH\Common.php(1135): CodeIgniter\View\View->render('template-parts/header', [], true)
 5 APPPATH\Controllers\Accueil.php(10): view('template-parts/header', [])
 6 SYSTEMPATH\CodeIgniter.php(896): App\Controllers\Accueil->accueil()
 7 SYSTEMPATH\CodeIgniter.php(466): CodeIgniter\CodeIgniter->runController(Object(App\Controllers\Accueil))
 8 SYSTEMPATH\CodeIgniter.php(349): CodeIgniter\CodeIgniter->handleRequest(null, Object(Config\Cache), false)
 9 FCPATH\index.php(55): CodeIgniter\CodeIgniter->run()
10 SYSTEMPATH\Commands\Server\rewrite.php(43): require_once('FCPATH\\index.php')
CRITICAL - 2023-08-16 11:49:59 --> syntax error, unexpected token "}", expecting ";"
in APPPATH\Controllers\Accueil.php on line 15.
 1 SYSTEMPATH\Autoloader\Autoloader.php(261): CodeIgniter\Autoloader\Autoloader->includeFile('APPPATH\\Controllers\\Accueil.php')
 2 SYSTEMPATH\Autoloader\Autoloader.php(239): CodeIgniter\Autoloader\Autoloader->loadInNamespace('App\\Controllers\\Accueil')
 3 [internal function]: CodeIgniter\Autoloader\Autoloader->loadClass('App\\Controllers\\Accueil')
 4 SYSTEMPATH\CodeIgniter.php(846): class_exists('\\App\\Controllers\\Accueil', true)
 5 SYSTEMPATH\CodeIgniter.php(453): CodeIgniter\CodeIgniter->startController()
 6 SYSTEMPATH\CodeIgniter.php(349): CodeIgniter\CodeIgniter->handleRequest(null, Object(Config\Cache), false)
 7 FCPATH\index.php(55): CodeIgniter\CodeIgniter->run()
 8 SYSTEMPATH\Commands\Server\rewrite.php(43): require_once('FCPATH\\index.php')
CRITICAL - 2023-08-16 11:52:11 --> syntax error, unexpected token "}", expecting ";"
in APPPATH\Controllers\Accueil.php on line 15.
 1 SYSTEMPATH\Autoloader\Autoloader.php(261): CodeIgniter\Autoloader\Autoloader->includeFile('APPPATH\\Controllers\\Accueil.php')
 2 SYSTEMPATH\Autoloader\Autoloader.php(239): CodeIgniter\Autoloader\Autoloader->loadInNamespace('App\\Controllers\\Accueil')
 3 [internal function]: CodeIgniter\Autoloader\Autoloader->loadClass('App\\Controllers\\Accueil')
 4 SYSTEMPATH\CodeIgniter.php(846): class_exists('\\App\\Controllers\\Accueil', true)
 5 SYSTEMPATH\CodeIgniter.php(453): CodeIgniter\CodeIgniter->startController()
 6 SYSTEMPATH\CodeIgniter.php(349): CodeIgniter\CodeIgniter->handleRequest(null, Object(Config\Cache), false)
 7 FCPATH\index.php(55): CodeIgniter\CodeIgniter->run()
 8 SYSTEMPATH\Commands\Server\rewrite.php(43): require_once('FCPATH\\index.php')
CRITICAL - 2023-08-16 11:52:43 --> Undefined variable $title
in APPPATH\Views\template-parts\header.php on line 15.
 1 APPPATH\Views\template-parts\header.php(15): CodeIgniter\Debug\Exceptions->errorHandler(2, 'Undefined variable $title', 'APPPATH\\Views\\template-parts\\header.php', 15)
 2 SYSTEMPATH\View\View.php(213): include('APPPATH\\Views\\template-parts\\header.php')
 3 SYSTEMPATH\View\View.php(216): CodeIgniter\View\View->CodeIgniter\View\{closure}()
 4 SYSTEMPATH\Common.php(1135): CodeIgniter\View\View->render('template-parts/header', [], true)
 5 APPPATH\Controllers\Accueil.php(10): view('template-parts/header', [])
 6 SYSTEMPATH\CodeIgniter.php(896): App\Controllers\Accueil->accueil()
 7 SYSTEMPATH\CodeIgniter.php(466): CodeIgniter\CodeIgniter->runController(Object(App\Controllers\Accueil))
 8 SYSTEMPATH\CodeIgniter.php(349): CodeIgniter\CodeIgniter->handleRequest(null, Object(Config\Cache), false)
 9 FCPATH\index.php(55): CodeIgniter\CodeIgniter->run()
10 SYSTEMPATH\Commands\Server\rewrite.php(43): require_once('FCPATH\\index.php')
CRITICAL - 2023-08-16 11:53:34 --> Undefined variable $title
in APPPATH\Views\template-parts\header.php on line 15.
 1 APPPATH\Views\template-parts\header.php(15): CodeIgniter\Debug\Exceptions->errorHandler(2, 'Undefined variable $title', 'APPPATH\\Views\\template-parts\\header.php', 15)
 2 SYSTEMPATH\View\View.php(213): include('APPPATH\\Views\\template-parts\\header.php')
 3 SYSTEMPATH\View\View.php(216): CodeIgniter\View\View->CodeIgniter\View\{closure}()
 4 SYSTEMPATH\Common.php(1135): CodeIgniter\View\View->render('template-parts/header', [], true)
 5 APPPATH\Controllers\Accueil.php(10): view('template-parts/header', [])
 6 SYSTEMPATH\CodeIgniter.php(896): App\Controllers\Accueil->accueil()
 7 SYSTEMPATH\CodeIgniter.php(466): CodeIgniter\CodeIgniter->runController(Object(App\Controllers\Accueil))
 8 SYSTEMPATH\CodeIgniter.php(349): CodeIgniter\CodeIgniter->handleRequest(null, Object(Config\Cache), false)
 9 FCPATH\index.php(55): CodeIgniter\CodeIgniter->run()
10 SYSTEMPATH\Commands\Server\rewrite.php(43): require_once('FCPATH\\index.php')
CRITICAL - 2023-08-16 11:53:37 --> Undefined variable $title
in APPPATH\Views\template-parts\header.php on line 15.
 1 APPPATH\Views\template-parts\header.php(15): CodeIgniter\Debug\Exceptions->errorHandler(2, 'Undefined variable $title', 'APPPATH\\Views\\template-parts\\header.php', 15)
 2 SYSTEMPATH\View\View.php(213): include('APPPATH\\Views\\template-parts\\header.php')
 3 SYSTEMPATH\View\View.php(216): CodeIgniter\View\View->CodeIgniter\View\{closure}()
 4 SYSTEMPATH\Common.php(1135): CodeIgniter\View\View->render('template-parts/header', [], true)
 5 APPPATH\Controllers\Accueil.php(10): view('template-parts/header', [])
 6 SYSTEMPATH\CodeIgniter.php(896): App\Controllers\Accueil->accueil()
 7 SYSTEMPATH\CodeIgniter.php(466): CodeIgniter\CodeIgniter->runController(Object(App\Controllers\Accueil))
 8 SYSTEMPATH\CodeIgniter.php(349): CodeIgniter\CodeIgniter->handleRequest(null, Object(Config\Cache), false)
 9 FCPATH\index.php(55): CodeIgniter\CodeIgniter->run()
10 SYSTEMPATH\Commands\Server\rewrite.php(43): require_once('FCPATH\\index.php')
CRITICAL - 2023-08-16 11:53:59 --> syntax error, unexpected token ";"
in APPPATH\Views\template-parts\header.php on line 15.
 1 SYSTEMPATH\View\View.php(216): CodeIgniter\View\View->CodeIgniter\View\{closure}()
 2 SYSTEMPATH\Common.php(1135): CodeIgniter\View\View->render('template-parts/header', [], true)
 3 APPPATH\Controllers\Accueil.php(10): view('template-parts/header', [])
 4 SYSTEMPATH\CodeIgniter.php(896): App\Controllers\Accueil->accueil()
 5 SYSTEMPATH\CodeIgniter.php(466): CodeIgniter\CodeIgniter->runController(Object(App\Controllers\Accueil))
 6 SYSTEMPATH\CodeIgniter.php(349): CodeIgniter\CodeIgniter->handleRequest(null, Object(Config\Cache), false)
 7 FCPATH\index.php(55): CodeIgniter\CodeIgniter->run()
 8 SYSTEMPATH\Commands\Server\rewrite.php(43): require_once('FCPATH\\index.php')
CRITICAL - 2023-08-16 11:55:40 --> syntax error, unexpected token ";"
in APPPATH\Views\template-parts\header.php on line 15.
 1 SYSTEMPATH\View\View.php(216): CodeIgniter\View\View->CodeIgniter\View\{closure}()
 2 SYSTEMPATH\Common.php(1135): CodeIgniter\View\View->render('template-parts/header', [], true)
 3 APPPATH\Controllers\Accueil.php(10): view('template-parts/header', [])
 4 SYSTEMPATH\CodeIgniter.php(896): App\Controllers\Accueil->accueil()
 5 SYSTEMPATH\CodeIgniter.php(466): CodeIgniter\CodeIgniter->runController(Object(App\Controllers\Accueil))
 6 SYSTEMPATH\CodeIgniter.php(349): CodeIgniter\CodeIgniter->handleRequest(null, Object(Config\Cache), false)
 7 FCPATH\index.php(55): CodeIgniter\CodeIgniter->run()
 8 SYSTEMPATH\Commands\Server\rewrite.php(43): require_once('FCPATH\\index.php')
CRITICAL - 2023-08-16 11:55:59 --> syntax error, unexpected token ";"
in APPPATH\Views\template-parts\header.php on line 15.
 1 SYSTEMPATH\View\View.php(216): CodeIgniter\View\View->CodeIgniter\View\{closure}()
 2 SYSTEMPATH\Common.php(1135): CodeIgniter\View\View->render('template-parts/header', [], true)
 3 APPPATH\Controllers\Accueil.php(10): view('template-parts/header', [])
 4 SYSTEMPATH\CodeIgniter.php(896): App\Controllers\Accueil->accueil()
 5 SYSTEMPATH\CodeIgniter.php(466): CodeIgniter\CodeIgniter->runController(Object(App\Controllers\Accueil))
 6 SYSTEMPATH\CodeIgniter.php(349): CodeIgniter\CodeIgniter->handleRequest(null, Object(Config\Cache), false)
 7 FCPATH\index.php(55): CodeIgniter\CodeIgniter->run()
 8 SYSTEMPATH\Commands\Server\rewrite.php(43): require_once('FCPATH\\index.php')
CRITICAL - 2023-08-16 11:56:46 --> Undefined variable $title
in APPPATH\Views\template-parts\header.php on line 15.
 1 APPPATH\Views\template-parts\header.php(15): CodeIgniter\Debug\Exceptions->errorHandler(2, 'Undefined variable $title', 'APPPATH\\Views\\template-parts\\header.php', 15)
 2 SYSTEMPATH\View\View.php(213): include('APPPATH\\Views\\template-parts\\header.php')
 3 SYSTEMPATH\View\View.php(216): CodeIgniter\View\View->CodeIgniter\View\{closure}()
 4 SYSTEMPATH\Common.php(1135): CodeIgniter\View\View->render('template-parts/header', [], true)
 5 APPPATH\Controllers\Accueil.php(10): view('template-parts/header', [])
 6 SYSTEMPATH\CodeIgniter.php(896): App\Controllers\Accueil->accueil()
 7 SYSTEMPATH\CodeIgniter.php(466): CodeIgniter\CodeIgniter->runController(Object(App\Controllers\Accueil))
 8 SYSTEMPATH\CodeIgniter.php(349): CodeIgniter\CodeIgniter->handleRequest(null, Object(Config\Cache), false)
 9 FCPATH\index.php(55): CodeIgniter\CodeIgniter->run()
10 SYSTEMPATH\Commands\Server\rewrite.php(43): require_once('FCPATH\\index.php')
CRITICAL - 2023-08-16 11:56:48 --> Undefined variable $title
in APPPATH\Views\template-parts\header.php on line 15.
 1 APPPATH\Views\template-parts\header.php(15): CodeIgniter\Debug\Exceptions->errorHandler(2, 'Undefined variable $title', 'APPPATH\\Views\\template-parts\\header.php', 15)
 2 SYSTEMPATH\View\View.php(213): include('APPPATH\\Views\\template-parts\\header.php')
 3 SYSTEMPATH\View\View.php(216): CodeIgniter\View\View->CodeIgniter\View\{closure}()
 4 SYSTEMPATH\Common.php(1135): CodeIgniter\View\View->render('template-parts/header', [], true)
 5 APPPATH\Controllers\Accueil.php(10): view('template-parts/header', [])
 6 SYSTEMPATH\CodeIgniter.php(896): App\Controllers\Accueil->accueil()
 7 SYSTEMPATH\CodeIgniter.php(466): CodeIgniter\CodeIgniter->runController(Object(App\Controllers\Accueil))
 8 SYSTEMPATH\CodeIgniter.php(349): CodeIgniter\CodeIgniter->handleRequest(null, Object(Config\Cache), false)
 9 FCPATH\index.php(55): CodeIgniter\CodeIgniter->run()
10 SYSTEMPATH\Commands\Server\rewrite.php(43): require_once('FCPATH\\index.php')
CRITICAL - 2023-08-16 11:57:15 --> syntax error, unexpected token ";"
in APPPATH\Views\template-parts\header.php on line 15.
 1 SYSTEMPATH\View\View.php(216): CodeIgniter\View\View->CodeIgniter\View\{closure}()
 2 SYSTEMPATH\Common.php(1135): CodeIgniter\View\View->render('template-parts/header', [], true)
 3 APPPATH\Controllers\Accueil.php(10): view('template-parts/header', [])
 4 SYSTEMPATH\CodeIgniter.php(896): App\Controllers\Accueil->accueil()
 5 SYSTEMPATH\CodeIgniter.php(466): CodeIgniter\CodeIgniter->runController(Object(App\Controllers\Accueil))
 6 SYSTEMPATH\CodeIgniter.php(349): CodeIgniter\CodeIgniter->handleRequest(null, Object(Config\Cache), false)
 7 FCPATH\index.php(55): CodeIgniter\CodeIgniter->run()
 8 SYSTEMPATH\Commands\Server\rewrite.php(43): require_once('FCPATH\\index.php')
CRITICAL - 2023-08-16 11:58:25 --> Undefined variable $title
in APPPATH\Views\template-parts\header.php on line 15.
 1 APPPATH\Views\template-parts\header.php(15): CodeIgniter\Debug\Exceptions->errorHandler(2, 'Undefined variable $title', 'APPPATH\\Views\\template-parts\\header.php', 15)
 2 SYSTEMPATH\View\View.php(213): include('APPPATH\\Views\\template-parts\\header.php')
 3 SYSTEMPATH\View\View.php(216): CodeIgniter\View\View->CodeIgniter\View\{closure}()
 4 SYSTEMPATH\Common.php(1135): CodeIgniter\View\View->render('template-parts/header', [], true)
 5 APPPATH\Controllers\Accueil.php(10): view('template-parts/header', [])
 6 SYSTEMPATH\CodeIgniter.php(896): App\Controllers\Accueil->accueil()
 7 SYSTEMPATH\CodeIgniter.php(466): CodeIgniter\CodeIgniter->runController(Object(App\Controllers\Accueil))
 8 SYSTEMPATH\CodeIgniter.php(349): CodeIgniter\CodeIgniter->handleRequest(null, Object(Config\Cache), false)
 9 FCPATH\index.php(55): CodeIgniter\CodeIgniter->run()
10 SYSTEMPATH\Commands\Server\rewrite.php(43): require_once('FCPATH\\index.php')
CRITICAL - 2023-08-16 11:58:29 --> Undefined variable $title
in APPPATH\Views\template-parts\header.php on line 15.
 1 APPPATH\Views\template-parts\header.php(15): CodeIgniter\Debug\Exceptions->errorHandler(2, 'Undefined variable $title', 'APPPATH\\Views\\template-parts\\header.php', 15)
 2 SYSTEMPATH\View\View.php(213): include('APPPATH\\Views\\template-parts\\header.php')
 3 SYSTEMPATH\View\View.php(216): CodeIgniter\View\View->CodeIgniter\View\{closure}()
 4 SYSTEMPATH\Common.php(1135): CodeIgniter\View\View->render('template-parts/header', [], true)
 5 APPPATH\Controllers\Accueil.php(10): view('template-parts/header', [])
 6 SYSTEMPATH\CodeIgniter.php(896): App\Controllers\Accueil->accueil()
 7 SYSTEMPATH\CodeIgniter.php(466): CodeIgniter\CodeIgniter->runController(Object(App\Controllers\Accueil))
 8 SYSTEMPATH\CodeIgniter.php(349): CodeIgniter\CodeIgniter->handleRequest(null, Object(Config\Cache), false)
 9 FCPATH\index.php(55): CodeIgniter\CodeIgniter->run()
10 SYSTEMPATH\Commands\Server\rewrite.php(43): require_once('FCPATH\\index.php')
CRITICAL - 2023-08-16 11:58:58 --> Undefined variable $maclasse
in APPPATH\Views\template-parts\header.php on line 14.
 1 APPPATH\Views\template-parts\header.php(14): CodeIgniter\Debug\Exceptions->errorHandler(2, 'Undefined variable $maclasse', 'APPPATH\\Views\\template-parts\\header.php', 14)
 2 SYSTEMPATH\View\View.php(213): include('APPPATH\\Views\\template-parts\\header.php')
 3 SYSTEMPATH\View\View.php(216): CodeIgniter\View\View->CodeIgniter\View\{closure}()
 4 SYSTEMPATH\Common.php(1135): CodeIgniter\View\View->render('template-parts/header', [], true)
 5 APPPATH\Controllers\Accueil.php(10): view('template-parts/header', [])
 6 SYSTEMPATH\CodeIgniter.php(896): App\Controllers\Accueil->accueil()
 7 SYSTEMPATH\CodeIgniter.php(466): CodeIgniter\CodeIgniter->runController(Object(App\Controllers\Accueil))
 8 SYSTEMPATH\CodeIgniter.php(349): CodeIgniter\CodeIgniter->handleRequest(null, Object(Config\Cache), false)
 9 FCPATH\index.php(55): CodeIgniter\CodeIgniter->run()
10 SYSTEMPATH\Commands\Server\rewrite.php(43): require_once('FCPATH\\index.php')
CRITICAL - 2023-08-16 11:58:59 --> Undefined variable $maclasse
in APPPATH\Views\template-parts\header.php on line 14.
 1 APPPATH\Views\template-parts\header.php(14): CodeIgniter\Debug\Exceptions->errorHandler(2, 'Undefined variable $maclasse', 'APPPATH\\Views\\template-parts\\header.php', 14)
 2 SYSTEMPATH\View\View.php(213): include('APPPATH\\Views\\template-parts\\header.php')
 3 SYSTEMPATH\View\View.php(216): CodeIgniter\View\View->CodeIgniter\View\{closure}()
 4 SYSTEMPATH\Common.php(1135): CodeIgniter\View\View->render('template-parts/header', [], true)
 5 APPPATH\Controllers\Accueil.php(10): view('template-parts/header', [])
 6 SYSTEMPATH\CodeIgniter.php(896): App\Controllers\Accueil->accueil()
 7 SYSTEMPATH\CodeIgniter.php(466): CodeIgniter\CodeIgniter->runController(Object(App\Controllers\Accueil))
 8 SYSTEMPATH\CodeIgniter.php(349): CodeIgniter\CodeIgniter->handleRequest(null, Object(Config\Cache), false)
 9 FCPATH\index.php(55): CodeIgniter\CodeIgniter->run()
10 SYSTEMPATH\Commands\Server\rewrite.php(43): require_once('FCPATH\\index.php')
CRITICAL - 2023-08-16 12:02:24 --> Undefined variable $maclasse
in APPPATH\Views\template-parts\header.php on line 37.
 1 APPPATH\Views\template-parts\header.php(37): CodeIgniter\Debug\Exceptions->errorHandler(2, 'Undefined variable $maclasse', 'APPPATH\\Views\\template-parts\\header.php', 37)
 2 SYSTEMPATH\View\View.php(213): include('APPPATH\\Views\\template-parts\\header.php')
 3 SYSTEMPATH\View\View.php(216): CodeIgniter\View\View->CodeIgniter\View\{closure}()
 4 SYSTEMPATH\Common.php(1135): CodeIgniter\View\View->render('template-parts/header', [], true)
 5 APPPATH\Controllers\Accueil.php(12): view('template-parts/header', [...])
 6 SYSTEMPATH\CodeIgniter.php(896): App\Controllers\Accueil->accueil()
 7 SYSTEMPATH\CodeIgniter.php(466): CodeIgniter\CodeIgniter->runController(Object(App\Controllers\Accueil))
 8 SYSTEMPATH\CodeIgniter.php(349): CodeIgniter\CodeIgniter->handleRequest(null, Object(Config\Cache), false)
 9 FCPATH\index.php(55): CodeIgniter\CodeIgniter->run()
10 SYSTEMPATH\Commands\Server\rewrite.php(43): require_once('FCPATH\\index.php')
CRITICAL - 2023-08-16 12:02:52 --> syntax error, unexpected single-quoted string "accueil", expecting identifier or variable or "{" or "$"
in APPPATH\Controllers\Accueil.php on line 10.
 1 SYSTEMPATH\Autoloader\Autoloader.php(261): CodeIgniter\Autoloader\Autoloader->includeFile('APPPATH\\Controllers\\Accueil.php')
 2 SYSTEMPATH\Autoloader\Autoloader.php(239): CodeIgniter\Autoloader\Autoloader->loadInNamespace('App\\Controllers\\Accueil')
 3 [internal function]: CodeIgniter\Autoloader\Autoloader->loadClass('App\\Controllers\\Accueil')
 4 SYSTEMPATH\CodeIgniter.php(846): class_exists('\\App\\Controllers\\Accueil', true)
 5 SYSTEMPATH\CodeIgniter.php(453): CodeIgniter\CodeIgniter->startController()
 6 SYSTEMPATH\CodeIgniter.php(349): CodeIgniter\CodeIgniter->handleRequest(null, Object(Config\Cache), false)
 7 FCPATH\index.php(55): CodeIgniter\CodeIgniter->run()
 8 SYSTEMPATH\Commands\Server\rewrite.php(43): require_once('FCPATH\\index.php')
CRITICAL - 2023-08-16 12:05:26 --> Undefined variable $maclasse
in APPPATH\Views\template-parts\header.php on line 37.
 1 APPPATH\Views\template-parts\header.php(37): CodeIgniter\Debug\Exceptions->errorHandler(2, 'Undefined variable $maclasse', 'APPPATH\\Views\\template-parts\\header.php', 37)
 2 SYSTEMPATH\View\View.php(213): include('APPPATH\\Views\\template-parts\\header.php')
 3 SYSTEMPATH\View\View.php(216): CodeIgniter\View\View->CodeIgniter\View\{closure}()
 4 SYSTEMPATH\Common.php(1135): CodeIgniter\View\View->render('template-parts/header', [], true)
 5 APPPATH\Controllers\Accueil.php(12): view('template-parts/header', [...])
 6 SYSTEMPATH\CodeIgniter.php(896): App\Controllers\Accueil->accueil()
 7 SYSTEMPATH\CodeIgniter.php(466): CodeIgniter\CodeIgniter->runController(Object(App\Controllers\Accueil))
 8 SYSTEMPATH\CodeIgniter.php(349): CodeIgniter\CodeIgniter->handleRequest(null, Object(Config\Cache), false)
 9 FCPATH\index.php(55): CodeIgniter\CodeIgniter->run()
10 SYSTEMPATH\Commands\Server\rewrite.php(43): require_once('FCPATH\\index.php')
CRITICAL - 2023-08-16 12:06:18 --> Undefined variable $maclasse
in APPPATH\Views\template-parts\header.php on line 30.
 1 APPPATH\Views\template-parts\header.php(30): CodeIgniter\Debug\Exceptions->errorHandler(2, 'Undefined variable $maclasse', 'APPPATH\\Views\\template-parts\\header.php', 30)
 2 SYSTEMPATH\View\View.php(213): include('APPPATH\\Views\\template-parts\\header.php')
 3 SYSTEMPATH\View\View.php(216): CodeIgniter\View\View->CodeIgniter\View\{closure}()
 4 SYSTEMPATH\Common.php(1135): CodeIgniter\View\View->render('template-parts/header', [], true)
 5 APPPATH\Controllers\Accueil.php(12): view('template-parts/header', [...])
 6 SYSTEMPATH\CodeIgniter.php(896): App\Controllers\Accueil->accueil()
 7 SYSTEMPATH\CodeIgniter.php(466): CodeIgniter\CodeIgniter->runController(Object(App\Controllers\Accueil))
 8 SYSTEMPATH\CodeIgniter.php(349): CodeIgniter\CodeIgniter->handleRequest(null, Object(Config\Cache), false)
 9 FCPATH\index.php(55): CodeIgniter\CodeIgniter->run()
10 SYSTEMPATH\Commands\Server\rewrite.php(43): require_once('FCPATH\\index.php')
CRITICAL - 2023-08-16 12:06:57 --> Undefined variable $maclasse
in APPPATH\Views\template-parts\header.php on line 29.
 1 APPPATH\Views\template-parts\header.php(29): CodeIgniter\Debug\Exceptions->errorHandler(2, 'Undefined variable $maclasse', 'APPPATH\\Views\\template-parts\\header.php', 29)
 2 SYSTEMPATH\View\View.php(213): include('APPPATH\\Views\\template-parts\\header.php')
 3 SYSTEMPATH\View\View.php(216): CodeIgniter\View\View->CodeIgniter\View\{closure}()
 4 SYSTEMPATH\Common.php(1135): CodeIgniter\View\View->render('template-parts/header', [], true)
 5 APPPATH\Controllers\Accueil.php(12): view('template-parts/header', [...])
 6 SYSTEMPATH\CodeIgniter.php(896): App\Controllers\Accueil->accueil()
 7 SYSTEMPATH\CodeIgniter.php(466): CodeIgniter\CodeIgniter->runController(Object(App\Controllers\Accueil))
 8 SYSTEMPATH\CodeIgniter.php(349): CodeIgniter\CodeIgniter->handleRequest(null, Object(Config\Cache), false)
 9 FCPATH\index.php(55): CodeIgniter\CodeIgniter->run()
10 SYSTEMPATH\Commands\Server\rewrite.php(43): require_once('FCPATH\\index.php')
CRITICAL - 2023-08-16 12:07:12 --> Undefined variable $maclasse
in APPPATH\Views\template-parts\header.php on line 29.
 1 APPPATH\Views\template-parts\header.php(29): CodeIgniter\Debug\Exceptions->errorHandler(2, 'Undefined variable $maclasse', 'APPPATH\\Views\\template-parts\\header.php', 29)
 2 SYSTEMPATH\View\View.php(213): include('APPPATH\\Views\\template-parts\\header.php')
 3 SYSTEMPATH\View\View.php(216): CodeIgniter\View\View->CodeIgniter\View\{closure}()
 4 SYSTEMPATH\Common.php(1135): CodeIgniter\View\View->render('template-parts/header', [], true)
 5 APPPATH\Controllers\Accueil.php(12): view('template-parts/header', [...])
 6 SYSTEMPATH\CodeIgniter.php(896): App\Controllers\Accueil->accueil()
 7 SYSTEMPATH\CodeIgniter.php(466): CodeIgniter\CodeIgniter->runController(Object(App\Controllers\Accueil))
 8 SYSTEMPATH\CodeIgniter.php(349): CodeIgniter\CodeIgniter->handleRequest(null, Object(Config\Cache), false)
 9 FCPATH\index.php(55): CodeIgniter\CodeIgniter->run()
10 SYSTEMPATH\Commands\Server\rewrite.php(43): require_once('FCPATH\\index.php')
CRITICAL - 2023-08-16 12:38:56 --> Undefined variable $title
in APPPATH\Views\template-parts\header.php on line 15.
 1 APPPATH\Views\template-parts\header.php(15): CodeIgniter\Debug\Exceptions->errorHandler(2, 'Undefined variable $title', 'APPPATH\\Views\\template-parts\\header.php', 15)
 2 SYSTEMPATH\View\View.php(213): include('APPPATH\\Views\\template-parts\\header.php')
 3 SYSTEMPATH\View\View.php(216): CodeIgniter\View\View->CodeIgniter\View\{closure}()
 4 SYSTEMPATH\Common.php(1135): CodeIgniter\View\View->render('template-parts/header', [], true)
 5 APPPATH\Controllers\Accueil.php(12): view('template-parts/header', [])
 6 SYSTEMPATH\CodeIgniter.php(896): App\Controllers\Accueil->accueil()
 7 SYSTEMPATH\CodeIgniter.php(466): CodeIgniter\CodeIgniter->runController(Object(App\Controllers\Accueil))
 8 SYSTEMPATH\CodeIgniter.php(349): CodeIgniter\CodeIgniter->handleRequest(null, Object(Config\Cache), false)
 9 FCPATH\index.php(55): CodeIgniter\CodeIgniter->run()
10 SYSTEMPATH\Commands\Server\rewrite.php(43): require_once('FCPATH\\index.php')
CRITICAL - 2023-08-16 12:38:58 --> Undefined variable $title
in APPPATH\Views\template-parts\header.php on line 15.
 1 APPPATH\Views\template-parts\header.php(15): CodeIgniter\Debug\Exceptions->errorHandler(2, 'Undefined variable $title', 'APPPATH\\Views\\template-parts\\header.php', 15)
 2 SYSTEMPATH\View\View.php(213): include('APPPATH\\Views\\template-parts\\header.php')
 3 SYSTEMPATH\View\View.php(216): CodeIgniter\View\View->CodeIgniter\View\{closure}()
 4 SYSTEMPATH\Common.php(1135): CodeIgniter\View\View->render('template-parts/header', [], true)
 5 APPPATH\Controllers\Accueil.php(12): view('template-parts/header', [])
 6 SYSTEMPATH\CodeIgniter.php(896): App\Controllers\Accueil->accueil()
 7 SYSTEMPATH\CodeIgniter.php(466): CodeIgniter\CodeIgniter->runController(Object(App\Controllers\Accueil))
 8 SYSTEMPATH\CodeIgniter.php(349): CodeIgniter\CodeIgniter->handleRequest(null, Object(Config\Cache), false)
 9 FCPATH\index.php(55): CodeIgniter\CodeIgniter->run()
10 SYSTEMPATH\Commands\Server\rewrite.php(43): require_once('FCPATH\\index.php')
CRITICAL - 2023-08-16 23:39:01 --> Undefined variable $maclasse
in APPPATH\Views\template-parts\header.php on line 37.
 1 APPPATH\Views\template-parts\header.php(37): CodeIgniter\Debug\Exceptions->errorHandler(2, 'Undefined variable $maclasse', 'APPPATH\\Views\\template-parts\\header.php', 37)
 2 SYSTEMPATH\View\View.php(213): include('APPPATH\\Views\\template-parts\\header.php')
 3 SYSTEMPATH\View\View.php(216): CodeIgniter\View\View->CodeIgniter\View\{closure}()
 4 SYSTEMPATH\Common.php(1135): CodeIgniter\View\View->render('template-parts/header', [], true)
 5 APPPATH\Controllers\Accueil.php(12): view('template-parts/header', [...])
 6 SYSTEMPATH\CodeIgniter.php(896): App\Controllers\Accueil->accueil()
 7 SYSTEMPATH\CodeIgniter.php(466): CodeIgniter\CodeIgniter->runController(Object(App\Controllers\Accueil))
 8 SYSTEMPATH\CodeIgniter.php(349): CodeIgniter\CodeIgniter->handleRequest(null, Object(Config\Cache), false)
 9 FCPATH\index.php(55): CodeIgniter\CodeIgniter->run()
10 SYSTEMPATH\Commands\Server\rewrite.php(43): require_once('FCPATH\\index.php')
