CRITICAL - 2024-11-21 01:40:32 --> Undefined variable $maclasse
in APPPATH\Views\template-parts\header.php on line 37.
 1 APPPATH\Views\template-parts\header.php(37): CodeIgniter\Debug\Exceptions->errorHandler(2, 'Undefined variable $maclasse', 'APPPATH\\Views\\template-parts\\header.php', 37)
 2 SYSTEMPATH\View\View.php(213): include('APPPATH\\Views\\template-parts\\header.php')
 3 SYSTEMPATH\View\View.php(216): CodeIgniter\View\View->CodeIgniter\View\{closure}()
 4 SYSTEMPATH\Common.php(1135): CodeIgniter\View\View->render('template-parts/header', [], true)
 5 APPPATH\Controllers\Accueil.php(12): view('template-parts/header', [...])
 6 SYSTEMPATH\CodeIgniter.php(896): App\Controllers\Accueil->accueil()
 7 SYSTEMPATH\CodeIgniter.php(466): CodeIgniter\CodeIgniter->runController(Object(App\Controllers\Accueil))
 8 SYSTEMPATH\CodeIgniter.php(349): CodeIgniter\CodeIgniter->handleRequest(null, Object(Config\Cache), false)
 9 FCPATH\index.php(55): CodeIgniter\CodeIgniter->run()
10 SYSTEMPATH\Commands\Server\Rewrite.php(34): require_once('FCPATH\\index.php')
CRITICAL - 2024-11-21 01:41:08 --> Undefined variable $maclasse
in APPPATH\Views\template-parts\header.php on line 37.
 1 APPPATH\Views\template-parts\header.php(37): CodeIgniter\Debug\Exceptions->errorHandler(2, 'Undefined variable $maclasse', 'APPPATH\\Views\\template-parts\\header.php', 37)
 2 SYSTEMPATH\View\View.php(213): include('APPPATH\\Views\\template-parts\\header.php')
 3 SYSTEMPATH\View\View.php(216): CodeIgniter\View\View->CodeIgniter\View\{closure}()
 4 SYSTEMPATH\Common.php(1135): CodeIgniter\View\View->render('template-parts/header', [], true)
 5 APPPATH\Controllers\Accueil.php(12): view('template-parts/header', [...])
 6 SYSTEMPATH\CodeIgniter.php(896): App\Controllers\Accueil->accueil()
 7 SYSTEMPATH\CodeIgniter.php(466): CodeIgniter\CodeIgniter->runController(Object(App\Controllers\Accueil))
 8 SYSTEMPATH\CodeIgniter.php(349): CodeIgniter\CodeIgniter->handleRequest(null, Object(Config\Cache), false)
 9 FCPATH\index.php(55): CodeIgniter\CodeIgniter->run()
10 SYSTEMPATH\Commands\Server\Rewrite.php(34): require_once('FCPATH\\index.php')
CRITICAL - 2024-11-21 01:41:22 --> Undefined variable $maclasse
in APPPATH\Views\template-parts\header.php on line 37.
 1 APPPATH\Views\template-parts\header.php(37): CodeIgniter\Debug\Exceptions->errorHandler(2, 'Undefined variable $maclasse', 'APPPATH\\Views\\template-parts\\header.php', 37)
 2 SYSTEMPATH\View\View.php(213): include('APPPATH\\Views\\template-parts\\header.php')
 3 SYSTEMPATH\View\View.php(216): CodeIgniter\View\View->CodeIgniter\View\{closure}()
 4 SYSTEMPATH\Common.php(1135): CodeIgniter\View\View->render('template-parts/header', [], true)
 5 APPPATH\Controllers\Accueil.php(12): view('template-parts/header', [...])
 6 SYSTEMPATH\CodeIgniter.php(896): App\Controllers\Accueil->accueil()
 7 SYSTEMPATH\CodeIgniter.php(466): CodeIgniter\CodeIgniter->runController(Object(App\Controllers\Accueil))
 8 SYSTEMPATH\CodeIgniter.php(349): CodeIgniter\CodeIgniter->handleRequest(null, Object(Config\Cache), false)
 9 FCPATH\index.php(55): CodeIgniter\CodeIgniter->run()
10 SYSTEMPATH\Commands\Server\Rewrite.php(34): require_once('FCPATH\\index.php')
CRITICAL - 2024-11-21 01:44:03 --> Undefined variable $maclasse
in APPPATH\Views\template-parts\header.php on line 37.
 1 APPPATH\Views\template-parts\header.php(37): CodeIgniter\Debug\Exceptions->errorHandler(2, 'Undefined variable $maclasse', 'APPPATH\\Views\\template-parts\\header.php', 37)
 2 SYSTEMPATH\View\View.php(213): include('APPPATH\\Views\\template-parts\\header.php')
 3 SYSTEMPATH\View\View.php(216): CodeIgniter\View\View->CodeIgniter\View\{closure}()
 4 SYSTEMPATH\Common.php(1135): CodeIgniter\View\View->render('template-parts/header', [], true)
 5 APPPATH\Controllers\Accueil.php(12): view('template-parts/header', [...])
 6 SYSTEMPATH\CodeIgniter.php(896): App\Controllers\Accueil->accueil()
 7 SYSTEMPATH\CodeIgniter.php(466): CodeIgniter\CodeIgniter->runController(Object(App\Controllers\Accueil))
 8 SYSTEMPATH\CodeIgniter.php(349): CodeIgniter\CodeIgniter->handleRequest(null, Object(Config\Cache), false)
 9 FCPATH\index.php(55): CodeIgniter\CodeIgniter->run()
10 SYSTEMPATH\Commands\Server\Rewrite.php(34): require_once('FCPATH\\index.php')
CRITICAL - 2024-11-21 01:54:33 --> Undefined variable $maclasse
in APPPATH\Views\template-parts\header.php on line 37.
 1 APPPATH\Views\template-parts\header.php(37): CodeIgniter\Debug\Exceptions->errorHandler(2, 'Undefined variable $maclasse', 'APPPATH\\Views\\template-parts\\header.php', 37)
 2 SYSTEMPATH\View\View.php(213): include('APPPATH\\Views\\template-parts\\header.php')
 3 SYSTEMPATH\View\View.php(216): CodeIgniter\View\View->CodeIgniter\View\{closure}()
 4 SYSTEMPATH\Common.php(1135): CodeIgniter\View\View->render('template-parts/header', [], true)
 5 APPPATH\Controllers\Accueil.php(12): view('template-parts/header', [...])
 6 SYSTEMPATH\CodeIgniter.php(896): App\Controllers\Accueil->accueil()
 7 SYSTEMPATH\CodeIgniter.php(466): CodeIgniter\CodeIgniter->runController(Object(App\Controllers\Accueil))
 8 SYSTEMPATH\CodeIgniter.php(349): CodeIgniter\CodeIgniter->handleRequest(null, Object(Config\Cache), false)
 9 FCPATH\index.php(55): CodeIgniter\CodeIgniter->run()
10 SYSTEMPATH\Commands\Server\Rewrite.php(34): require_once('FCPATH\\index.php')
