CRITICAL - 2023-03-10 00:50:23 --> Call to undefined method CodeIgniter\Images\Image::resize()
in APPPATH\Views\template-parts\banneer03.php on line 53.
 1 SYSTEMPATH\View\View.php(213): include()
 2 SYSTEMPATH\View\View.php(216): CodeIgniter\View\View->CodeIgniter\View\{closure}()
 3 SYSTEMPATH\Common.php(1135): CodeIgniter\View\View->render('template-parts/banneer03', [], true)
 4 APPPATH\Controllers\Accueil.php(11): view('template-parts/banneer03')
 5 SYSTEMPATH\CodeIgniter.php(896): App\Controllers\Accueil->accueil()
 6 SYSTEMPATH\CodeIgniter.php(466): CodeIgniter\CodeIgniter->runController(Object(App\Controllers\Accueil))
 7 SYSTEMPATH\CodeIgniter.php(349): CodeIgniter\CodeIgniter->handleRequest(null, Object(Config\Cache), false)
 8 FCPATH\index.php(55): CodeIgniter\CodeIgniter->run()
 9 SYSTEMPATH\Commands\Server\rewrite.php(43): require_once('FCPATH\\index.php')
CRITICAL - 2023-03-10 01:20:10 --> Call to undefined method CodeIgniter\Images\Image::resize()
in APPPATH\Views\template-parts\banneer03.php on line 53.
 1 SYSTEMPATH\View\View.php(213): include()
 2 SYSTEMPATH\View\View.php(216): CodeIgniter\View\View->CodeIgniter\View\{closure}()
 3 SYSTEMPATH\Common.php(1135): CodeIgniter\View\View->render('template-parts/banneer03', [], true)
 4 APPPATH\Controllers\Accueil.php(11): view('template-parts/banneer03')
 5 SYSTEMPATH\CodeIgniter.php(896): App\Controllers\Accueil->accueil()
 6 SYSTEMPATH\CodeIgniter.php(466): CodeIgniter\CodeIgniter->runController(Object(App\Controllers\Accueil))
 7 SYSTEMPATH\CodeIgniter.php(349): CodeIgniter\CodeIgniter->handleRequest(null, Object(Config\Cache), false)
 8 FCPATH\index.php(55): CodeIgniter\CodeIgniter->run()
 9 SYSTEMPATH\Commands\Server\rewrite.php(43): require_once('FCPATH\\index.php')
CRITICAL - 2023-03-10 01:20:12 --> Call to undefined method CodeIgniter\Images\Image::resize()
in APPPATH\Views\template-parts\banneer03.php on line 53.
 1 SYSTEMPATH\View\View.php(213): include()
 2 SYSTEMPATH\View\View.php(216): CodeIgniter\View\View->CodeIgniter\View\{closure}()
 3 SYSTEMPATH\Common.php(1135): CodeIgniter\View\View->render('template-parts/banneer03', [], true)
 4 APPPATH\Controllers\Accueil.php(11): view('template-parts/banneer03')
 5 SYSTEMPATH\CodeIgniter.php(896): App\Controllers\Accueil->accueil()
 6 SYSTEMPATH\CodeIgniter.php(466): CodeIgniter\CodeIgniter->runController(Object(App\Controllers\Accueil))
 7 SYSTEMPATH\CodeIgniter.php(349): CodeIgniter\CodeIgniter->handleRequest(null, Object(Config\Cache), false)
 8 FCPATH\index.php(55): CodeIgniter\CodeIgniter->run()
 9 SYSTEMPATH\Commands\Server\rewrite.php(43): require_once('FCPATH\\index.php')
CRITICAL - 2023-03-10 01:20:51 --> Call to undefined method CodeIgniter\Images\Image::resize()
in APPPATH\Views\template-parts\banneer03.php on line 53.
 1 SYSTEMPATH\View\View.php(213): include()
 2 SYSTEMPATH\View\View.php(216): CodeIgniter\View\View->CodeIgniter\View\{closure}()
 3 SYSTEMPATH\Common.php(1135): CodeIgniter\View\View->render('template-parts/banneer03', [], true)
 4 APPPATH\Controllers\Accueil.php(11): view('template-parts/banneer03')
 5 SYSTEMPATH\CodeIgniter.php(896): App\Controllers\Accueil->accueil()
 6 SYSTEMPATH\CodeIgniter.php(466): CodeIgniter\CodeIgniter->runController(Object(App\Controllers\Accueil))
 7 SYSTEMPATH\CodeIgniter.php(349): CodeIgniter\CodeIgniter->handleRequest(null, Object(Config\Cache), false)
 8 FCPATH\index.php(55): CodeIgniter\CodeIgniter->run()
 9 SYSTEMPATH\Commands\Server\rewrite.php(43): require_once('FCPATH\\index.php')
CRITICAL - 2023-03-10 01:21:06 --> Call to a member function save() on null
in APPPATH\Views\template-parts\banneer03.php on line 54.
 1 SYSTEMPATH\View\View.php(213): include()
 2 SYSTEMPATH\View\View.php(216): CodeIgniter\View\View->CodeIgniter\View\{closure}()
 3 SYSTEMPATH\Common.php(1135): CodeIgniter\View\View->render('template-parts/banneer03', [], true)
 4 APPPATH\Controllers\Accueil.php(11): view('template-parts/banneer03')
 5 SYSTEMPATH\CodeIgniter.php(896): App\Controllers\Accueil->accueil()
 6 SYSTEMPATH\CodeIgniter.php(466): CodeIgniter\CodeIgniter->runController(Object(App\Controllers\Accueil))
 7 SYSTEMPATH\CodeIgniter.php(349): CodeIgniter\CodeIgniter->handleRequest(null, Object(Config\Cache), false)
 8 FCPATH\index.php(55): CodeIgniter\CodeIgniter->run()
 9 SYSTEMPATH\Commands\Server\rewrite.php(43): require_once('FCPATH\\index.php')
CRITICAL - 2023-03-10 01:21:07 --> Call to a member function save() on null
in APPPATH\Views\template-parts\banneer03.php on line 54.
 1 SYSTEMPATH\View\View.php(213): include()
 2 SYSTEMPATH\View\View.php(216): CodeIgniter\View\View->CodeIgniter\View\{closure}()
 3 SYSTEMPATH\Common.php(1135): CodeIgniter\View\View->render('template-parts/banneer03', [], true)
 4 APPPATH\Controllers\Accueil.php(11): view('template-parts/banneer03')
 5 SYSTEMPATH\CodeIgniter.php(896): App\Controllers\Accueil->accueil()
 6 SYSTEMPATH\CodeIgniter.php(466): CodeIgniter\CodeIgniter->runController(Object(App\Controllers\Accueil))
 7 SYSTEMPATH\CodeIgniter.php(349): CodeIgniter\CodeIgniter->handleRequest(null, Object(Config\Cache), false)
 8 FCPATH\index.php(55): CodeIgniter\CodeIgniter->run()
 9 SYSTEMPATH\Commands\Server\rewrite.php(43): require_once('FCPATH\\index.php')
CRITICAL - 2023-03-10 01:21:55 --> Call to undefined method CodeIgniter\Images\Image::resize()
in APPPATH\Views\template-parts\banneer03.php on line 53.
 1 SYSTEMPATH\View\View.php(213): include()
 2 SYSTEMPATH\View\View.php(216): CodeIgniter\View\View->CodeIgniter\View\{closure}()
 3 SYSTEMPATH\Common.php(1135): CodeIgniter\View\View->render('template-parts/banneer03', [], true)
 4 APPPATH\Controllers\Accueil.php(11): view('template-parts/banneer03')
 5 SYSTEMPATH\CodeIgniter.php(896): App\Controllers\Accueil->accueil()
 6 SYSTEMPATH\CodeIgniter.php(466): CodeIgniter\CodeIgniter->runController(Object(App\Controllers\Accueil))
 7 SYSTEMPATH\CodeIgniter.php(349): CodeIgniter\CodeIgniter->handleRequest(null, Object(Config\Cache), false)
 8 FCPATH\index.php(55): CodeIgniter\CodeIgniter->run()
 9 SYSTEMPATH\Commands\Server\rewrite.php(43): require_once('FCPATH\\index.php')
CRITICAL - 2023-03-10 01:22:09 --> Call to undefined method CodeIgniter\Images\Image::resize()
in APPPATH\Views\template-parts\banneer03.php on line 53.
 1 SYSTEMPATH\View\View.php(213): include()
 2 SYSTEMPATH\View\View.php(216): CodeIgniter\View\View->CodeIgniter\View\{closure}()
 3 SYSTEMPATH\Common.php(1135): CodeIgniter\View\View->render('template-parts/banneer03', [], true)
 4 APPPATH\Controllers\Accueil.php(11): view('template-parts/banneer03')
 5 SYSTEMPATH\CodeIgniter.php(896): App\Controllers\Accueil->accueil()
 6 SYSTEMPATH\CodeIgniter.php(466): CodeIgniter\CodeIgniter->runController(Object(App\Controllers\Accueil))
 7 SYSTEMPATH\CodeIgniter.php(349): CodeIgniter\CodeIgniter->handleRequest(null, Object(Config\Cache), false)
 8 FCPATH\index.php(55): CodeIgniter\CodeIgniter->run()
 9 SYSTEMPATH\Commands\Server\rewrite.php(43): require_once('FCPATH\\index.php')
CRITICAL - 2023-03-10 01:26:45 --> Call to undefined method CodeIgniter\Images\Image::resize()
in APPPATH\Views\template-parts\banneer03.php on line 56.
 1 SYSTEMPATH\View\View.php(213): include()
 2 SYSTEMPATH\View\View.php(216): CodeIgniter\View\View->CodeIgniter\View\{closure}()
 3 SYSTEMPATH\Common.php(1135): CodeIgniter\View\View->render('template-parts/banneer03', [], true)
 4 APPPATH\Controllers\Accueil.php(11): view('template-parts/banneer03')
 5 SYSTEMPATH\CodeIgniter.php(896): App\Controllers\Accueil->accueil()
 6 SYSTEMPATH\CodeIgniter.php(466): CodeIgniter\CodeIgniter->runController(Object(App\Controllers\Accueil))
 7 SYSTEMPATH\CodeIgniter.php(349): CodeIgniter\CodeIgniter->handleRequest(null, Object(Config\Cache), false)
 8 FCPATH\index.php(55): CodeIgniter\CodeIgniter->run()
 9 SYSTEMPATH\Commands\Server\rewrite.php(43): require_once('FCPATH\\index.php')
CRITICAL - 2023-03-10 01:28:27 --> Call to undefined method CodeIgniter\Images\Image::resize()
in APPPATH\Views\template-parts\banneer03.php on line 56.
 1 SYSTEMPATH\View\View.php(213): include()
 2 SYSTEMPATH\View\View.php(216): CodeIgniter\View\View->CodeIgniter\View\{closure}()
 3 SYSTEMPATH\Common.php(1135): CodeIgniter\View\View->render('template-parts/banneer03', [], true)
 4 APPPATH\Controllers\Accueil.php(11): view('template-parts/banneer03')
 5 SYSTEMPATH\CodeIgniter.php(896): App\Controllers\Accueil->accueil()
 6 SYSTEMPATH\CodeIgniter.php(466): CodeIgniter\CodeIgniter->runController(Object(App\Controllers\Accueil))
 7 SYSTEMPATH\CodeIgniter.php(349): CodeIgniter\CodeIgniter->handleRequest(null, Object(Config\Cache), false)
 8 FCPATH\index.php(55): CodeIgniter\CodeIgniter->run()
 9 SYSTEMPATH\Commands\Server\rewrite.php(43): require_once('FCPATH\\index.php')
CRITICAL - 2023-03-10 01:28:29 --> Call to undefined method CodeIgniter\Images\Image::resize()
in APPPATH\Views\template-parts\banneer03.php on line 56.
 1 SYSTEMPATH\View\View.php(213): include()
 2 SYSTEMPATH\View\View.php(216): CodeIgniter\View\View->CodeIgniter\View\{closure}()
 3 SYSTEMPATH\Common.php(1135): CodeIgniter\View\View->render('template-parts/banneer03', [], true)
 4 APPPATH\Controllers\Accueil.php(11): view('template-parts/banneer03')
 5 SYSTEMPATH\CodeIgniter.php(896): App\Controllers\Accueil->accueil()
 6 SYSTEMPATH\CodeIgniter.php(466): CodeIgniter\CodeIgniter->runController(Object(App\Controllers\Accueil))
 7 SYSTEMPATH\CodeIgniter.php(349): CodeIgniter\CodeIgniter->handleRequest(null, Object(Config\Cache), false)
 8 FCPATH\index.php(55): CodeIgniter\CodeIgniter->run()
 9 SYSTEMPATH\Commands\Server\rewrite.php(43): require_once('FCPATH\\index.php')
CRITICAL - 2023-03-10 01:29:22 --> Call to undefined method CodeIgniter\Images\Image::resize()
in APPPATH\Views\template-parts\banneer03.php on line 56.
 1 SYSTEMPATH\View\View.php(213): include()
 2 SYSTEMPATH\View\View.php(216): CodeIgniter\View\View->CodeIgniter\View\{closure}()
 3 SYSTEMPATH\Common.php(1135): CodeIgniter\View\View->render('template-parts/banneer03', [], true)
 4 APPPATH\Controllers\Accueil.php(11): view('template-parts/banneer03')
 5 SYSTEMPATH\CodeIgniter.php(896): App\Controllers\Accueil->accueil()
 6 SYSTEMPATH\CodeIgniter.php(466): CodeIgniter\CodeIgniter->runController(Object(App\Controllers\Accueil))
 7 SYSTEMPATH\CodeIgniter.php(349): CodeIgniter\CodeIgniter->handleRequest(null, Object(Config\Cache), false)
 8 FCPATH\index.php(55): CodeIgniter\CodeIgniter->run()
 9 SYSTEMPATH\Commands\Server\rewrite.php(43): require_once('FCPATH\\index.php')
CRITICAL - 2023-03-10 01:30:35 --> Call to undefined method CodeIgniter\Images\Image::resize()
in APPPATH\Views\template-parts\banneer03.php on line 56.
 1 SYSTEMPATH\View\View.php(213): include()
 2 SYSTEMPATH\View\View.php(216): CodeIgniter\View\View->CodeIgniter\View\{closure}()
 3 SYSTEMPATH\Common.php(1135): CodeIgniter\View\View->render('template-parts/banneer03', [], true)
 4 APPPATH\Controllers\Accueil.php(11): view('template-parts/banneer03')
 5 SYSTEMPATH\CodeIgniter.php(896): App\Controllers\Accueil->accueil()
 6 SYSTEMPATH\CodeIgniter.php(466): CodeIgniter\CodeIgniter->runController(Object(App\Controllers\Accueil))
 7 SYSTEMPATH\CodeIgniter.php(349): CodeIgniter\CodeIgniter->handleRequest(null, Object(Config\Cache), false)
 8 FCPATH\index.php(55): CodeIgniter\CodeIgniter->run()
 9 SYSTEMPATH\Commands\Server\rewrite.php(43): require_once('FCPATH\\index.php')
CRITICAL - 2023-03-10 01:30:37 --> Call to undefined method CodeIgniter\Images\Image::resize()
in APPPATH\Views\template-parts\banneer03.php on line 56.
 1 SYSTEMPATH\View\View.php(213): include()
 2 SYSTEMPATH\View\View.php(216): CodeIgniter\View\View->CodeIgniter\View\{closure}()
 3 SYSTEMPATH\Common.php(1135): CodeIgniter\View\View->render('template-parts/banneer03', [], true)
 4 APPPATH\Controllers\Accueil.php(11): view('template-parts/banneer03')
 5 SYSTEMPATH\CodeIgniter.php(896): App\Controllers\Accueil->accueil()
 6 SYSTEMPATH\CodeIgniter.php(466): CodeIgniter\CodeIgniter->runController(Object(App\Controllers\Accueil))
 7 SYSTEMPATH\CodeIgniter.php(349): CodeIgniter\CodeIgniter->handleRequest(null, Object(Config\Cache), false)
 8 FCPATH\index.php(55): CodeIgniter\CodeIgniter->run()
 9 SYSTEMPATH\Commands\Server\rewrite.php(43): require_once('FCPATH\\index.php')
CRITICAL - 2023-03-10 01:30:56 --> Call to undefined method CodeIgniter\Images\Image::resize()
in APPPATH\Views\template-parts\banneer03.php on line 56.
 1 SYSTEMPATH\View\View.php(213): include()
 2 SYSTEMPATH\View\View.php(216): CodeIgniter\View\View->CodeIgniter\View\{closure}()
 3 SYSTEMPATH\Common.php(1135): CodeIgniter\View\View->render('template-parts/banneer03', [], true)
 4 APPPATH\Controllers\Accueil.php(11): view('template-parts/banneer03')
 5 SYSTEMPATH\CodeIgniter.php(896): App\Controllers\Accueil->accueil()
 6 SYSTEMPATH\CodeIgniter.php(466): CodeIgniter\CodeIgniter->runController(Object(App\Controllers\Accueil))
 7 SYSTEMPATH\CodeIgniter.php(349): CodeIgniter\CodeIgniter->handleRequest(null, Object(Config\Cache), false)
 8 FCPATH\index.php(55): CodeIgniter\CodeIgniter->run()
 9 SYSTEMPATH\Commands\Server\rewrite.php(43): require_once('FCPATH\\index.php')
CRITICAL - 2023-03-10 01:32:21 --> Call to undefined method CodeIgniter\Images\Image::resize()
in APPPATH\Views\template-parts\banneer03.php on line 56.
 1 SYSTEMPATH\View\View.php(213): include()
 2 SYSTEMPATH\View\View.php(216): CodeIgniter\View\View->CodeIgniter\View\{closure}()
 3 SYSTEMPATH\Common.php(1135): CodeIgniter\View\View->render('template-parts/banneer03', [], true)
 4 APPPATH\Controllers\Accueil.php(11): view('template-parts/banneer03')
 5 SYSTEMPATH\CodeIgniter.php(896): App\Controllers\Accueil->accueil()
 6 SYSTEMPATH\CodeIgniter.php(466): CodeIgniter\CodeIgniter->runController(Object(App\Controllers\Accueil))
 7 SYSTEMPATH\CodeIgniter.php(349): CodeIgniter\CodeIgniter->handleRequest(null, Object(Config\Cache), false)
 8 FCPATH\index.php(55): CodeIgniter\CodeIgniter->run()
 9 SYSTEMPATH\Commands\Server\rewrite.php(43): require_once('FCPATH\\index.php')
CRITICAL - 2023-03-10 01:32:23 --> Call to undefined method CodeIgniter\Images\Image::resize()
in APPPATH\Views\template-parts\banneer03.php on line 56.
 1 SYSTEMPATH\View\View.php(213): include()
 2 SYSTEMPATH\View\View.php(216): CodeIgniter\View\View->CodeIgniter\View\{closure}()
 3 SYSTEMPATH\Common.php(1135): CodeIgniter\View\View->render('template-parts/banneer03', [], true)
 4 APPPATH\Controllers\Accueil.php(11): view('template-parts/banneer03')
 5 SYSTEMPATH\CodeIgniter.php(896): App\Controllers\Accueil->accueil()
 6 SYSTEMPATH\CodeIgniter.php(466): CodeIgniter\CodeIgniter->runController(Object(App\Controllers\Accueil))
 7 SYSTEMPATH\CodeIgniter.php(349): CodeIgniter\CodeIgniter->handleRequest(null, Object(Config\Cache), false)
 8 FCPATH\index.php(55): CodeIgniter\CodeIgniter->run()
 9 SYSTEMPATH\Commands\Server\rewrite.php(43): require_once('FCPATH\\index.php')
CRITICAL - 2023-03-10 07:08:48 --> File not found: image/200
in SYSTEMPATH\Files\File.php on line 46.
 1 SYSTEMPATH\Files\File.php(46): CodeIgniter\Files\Exceptions\FileNotFoundException::forFileNotFound('image/200')
 2 SYSTEMPATH\Images\Handlers\BaseHandler.php(148): CodeIgniter\Files\File->__construct('image/200', true)
 3 APPPATH\Controllers\Image.php(15): CodeIgniter\Images\Handlers\BaseHandler->withFile('image/200')
 4 APPPATH\Views\template-parts\banneer01.php(7): App\Controllers\Image::resize_image(200, 200, 'devweb.fw.png')
 5 SYSTEMPATH\View\View.php(213): include('APPPATH\\Views\\template-parts\\banneer01.php')
 6 SYSTEMPATH\View\View.php(216): CodeIgniter\View\View->CodeIgniter\View\{closure}()
 7 SYSTEMPATH\Common.php(1135): CodeIgniter\View\View->render('template-parts/banneer01', [], true)
 8 APPPATH\Controllers\Accueil.php(10): view('template-parts/banneer01')
 9 SYSTEMPATH\CodeIgniter.php(896): App\Controllers\Accueil->accueil()
10 SYSTEMPATH\CodeIgniter.php(466): CodeIgniter\CodeIgniter->runController(Object(App\Controllers\Accueil))
11 SYSTEMPATH\CodeIgniter.php(349): CodeIgniter\CodeIgniter->handleRequest(null, Object(Config\Cache), false)
12 FCPATH\index.php(55): CodeIgniter\CodeIgniter->run()
13 SYSTEMPATH\Commands\Server\rewrite.php(43): require_once('FCPATH\\index.php')
CRITICAL - 2023-03-10 07:11:47 --> File not found: image/200
in SYSTEMPATH\Files\File.php on line 46.
 1 SYSTEMPATH\Files\File.php(46): CodeIgniter\Files\Exceptions\FileNotFoundException::forFileNotFound('image/200')
 2 SYSTEMPATH\Images\Handlers\BaseHandler.php(148): CodeIgniter\Files\File->__construct('image/200', true)
 3 APPPATH\Controllers\Image.php(15): CodeIgniter\Images\Handlers\BaseHandler->withFile('image/200')
 4 APPPATH\Views\template-parts\banneer01.php(7): App\Controllers\Image::resize_image('200', '200', 'devweb.fw.png')
 5 SYSTEMPATH\View\View.php(213): include('APPPATH\\Views\\template-parts\\banneer01.php')
 6 SYSTEMPATH\View\View.php(216): CodeIgniter\View\View->CodeIgniter\View\{closure}()
 7 SYSTEMPATH\Common.php(1135): CodeIgniter\View\View->render('template-parts/banneer01', [], true)
 8 APPPATH\Controllers\Accueil.php(10): view('template-parts/banneer01')
 9 SYSTEMPATH\CodeIgniter.php(896): App\Controllers\Accueil->accueil()
10 SYSTEMPATH\CodeIgniter.php(466): CodeIgniter\CodeIgniter->runController(Object(App\Controllers\Accueil))
11 SYSTEMPATH\CodeIgniter.php(349): CodeIgniter\CodeIgniter->handleRequest(null, Object(Config\Cache), false)
12 FCPATH\index.php(55): CodeIgniter\CodeIgniter->run()
13 SYSTEMPATH\Commands\Server\rewrite.php(43): require_once('FCPATH\\index.php')
CRITICAL - 2023-03-10 07:12:51 --> File not found: image/200
in SYSTEMPATH\Files\File.php on line 46.
 1 SYSTEMPATH\Files\File.php(46): CodeIgniter\Files\Exceptions\FileNotFoundException::forFileNotFound('image/200')
 2 SYSTEMPATH\Images\Handlers\BaseHandler.php(148): CodeIgniter\Files\File->__construct('image/200', true)
 3 APPPATH\Controllers\Image.php(15): CodeIgniter\Images\Handlers\BaseHandler->withFile('image/200')
 4 APPPATH\Views\template-parts\banneer01.php(7): App\Controllers\Image::resize_image('200', '200', 'devweb.fw.png')
 5 SYSTEMPATH\View\View.php(213): include('APPPATH\\Views\\template-parts\\banneer01.php')
 6 SYSTEMPATH\View\View.php(216): CodeIgniter\View\View->CodeIgniter\View\{closure}()
 7 SYSTEMPATH\Common.php(1135): CodeIgniter\View\View->render('template-parts/banneer01', [], true)
 8 APPPATH\Controllers\Accueil.php(10): view('template-parts/banneer01')
 9 SYSTEMPATH\CodeIgniter.php(896): App\Controllers\Accueil->accueil()
10 SYSTEMPATH\CodeIgniter.php(466): CodeIgniter\CodeIgniter->runController(Object(App\Controllers\Accueil))
11 SYSTEMPATH\CodeIgniter.php(349): CodeIgniter\CodeIgniter->handleRequest(null, Object(Config\Cache), false)
12 FCPATH\index.php(55): CodeIgniter\CodeIgniter->run()
13 SYSTEMPATH\Commands\Server\rewrite.php(43): require_once('FCPATH\\index.php')
CRITICAL - 2023-03-10 07:13:18 --> File not found: image/200
in SYSTEMPATH\Files\File.php on line 46.
 1 SYSTEMPATH\Files\File.php(46): CodeIgniter\Files\Exceptions\FileNotFoundException::forFileNotFound('image/200')
 2 SYSTEMPATH\Images\Handlers\BaseHandler.php(148): CodeIgniter\Files\File->__construct('image/200', true)
 3 APPPATH\Controllers\Image.php(15): CodeIgniter\Images\Handlers\BaseHandler->withFile('image/200')
 4 APPPATH\Views\template-parts\banneer01.php(7): App\Controllers\Image::resize_image(200, 200, 'devweb.fw.png')
 5 SYSTEMPATH\View\View.php(213): include('APPPATH\\Views\\template-parts\\banneer01.php')
 6 SYSTEMPATH\View\View.php(216): CodeIgniter\View\View->CodeIgniter\View\{closure}()
 7 SYSTEMPATH\Common.php(1135): CodeIgniter\View\View->render('template-parts/banneer01', [], true)
 8 APPPATH\Controllers\Accueil.php(10): view('template-parts/banneer01')
 9 SYSTEMPATH\CodeIgniter.php(896): App\Controllers\Accueil->accueil()
10 SYSTEMPATH\CodeIgniter.php(466): CodeIgniter\CodeIgniter->runController(Object(App\Controllers\Accueil))
11 SYSTEMPATH\CodeIgniter.php(349): CodeIgniter\CodeIgniter->handleRequest(null, Object(Config\Cache), false)
12 FCPATH\index.php(55): CodeIgniter\CodeIgniter->run()
13 SYSTEMPATH\Commands\Server\rewrite.php(43): require_once('FCPATH\\index.php')
CRITICAL - 2023-03-10 07:15:16 --> File not found: image/200
in SYSTEMPATH\Files\File.php on line 46.
 1 SYSTEMPATH\Files\File.php(46): CodeIgniter\Files\Exceptions\FileNotFoundException::forFileNotFound('image/200')
 2 SYSTEMPATH\Images\Handlers\BaseHandler.php(148): CodeIgniter\Files\File->__construct('image/200', true)
 3 APPPATH\Controllers\Image.php(15): CodeIgniter\Images\Handlers\BaseHandler->withFile('image/200')
 4 APPPATH\Views\template-parts\banneer01.php(7): App\Controllers\Image::resize_image(200, 200, 'devweb.fw.png')
 5 SYSTEMPATH\View\View.php(213): include('APPPATH\\Views\\template-parts\\banneer01.php')
 6 SYSTEMPATH\View\View.php(216): CodeIgniter\View\View->CodeIgniter\View\{closure}()
 7 SYSTEMPATH\Common.php(1135): CodeIgniter\View\View->render('template-parts/banneer01', [], true)
 8 APPPATH\Controllers\Accueil.php(10): view('template-parts/banneer01')
 9 SYSTEMPATH\CodeIgniter.php(896): App\Controllers\Accueil->accueil()
10 SYSTEMPATH\CodeIgniter.php(466): CodeIgniter\CodeIgniter->runController(Object(App\Controllers\Accueil))
11 SYSTEMPATH\CodeIgniter.php(349): CodeIgniter\CodeIgniter->handleRequest(null, Object(Config\Cache), false)
12 FCPATH\index.php(55): CodeIgniter\CodeIgniter->run()
13 SYSTEMPATH\Commands\Server\rewrite.php(43): require_once('FCPATH\\index.php')
CRITICAL - 2023-03-10 07:15:46 --> File not found: image/200
in SYSTEMPATH\Files\File.php on line 46.
 1 SYSTEMPATH\Files\File.php(46): CodeIgniter\Files\Exceptions\FileNotFoundException::forFileNotFound('image/200')
 2 SYSTEMPATH\Images\Handlers\BaseHandler.php(148): CodeIgniter\Files\File->__construct('image/200', true)
 3 APPPATH\Controllers\Image.php(15): CodeIgniter\Images\Handlers\BaseHandler->withFile('image/200')
 4 APPPATH\Views\template-parts\banneer01.php(7): App\Controllers\Image::resize_image(200, 200, 'devweb.fw.png')
 5 SYSTEMPATH\View\View.php(213): include('APPPATH\\Views\\template-parts\\banneer01.php')
 6 SYSTEMPATH\View\View.php(216): CodeIgniter\View\View->CodeIgniter\View\{closure}()
 7 SYSTEMPATH\Common.php(1135): CodeIgniter\View\View->render('template-parts/banneer01', [], true)
 8 APPPATH\Controllers\Accueil.php(10): view('template-parts/banneer01')
 9 SYSTEMPATH\CodeIgniter.php(896): App\Controllers\Accueil->accueil()
10 SYSTEMPATH\CodeIgniter.php(466): CodeIgniter\CodeIgniter->runController(Object(App\Controllers\Accueil))
11 SYSTEMPATH\CodeIgniter.php(349): CodeIgniter\CodeIgniter->handleRequest(null, Object(Config\Cache), false)
12 FCPATH\index.php(55): CodeIgniter\CodeIgniter->run()
13 SYSTEMPATH\Commands\Server\rewrite.php(43): require_once('FCPATH\\index.php')
CRITICAL - 2023-03-10 07:15:48 --> File not found: image/200
in SYSTEMPATH\Files\File.php on line 46.
 1 SYSTEMPATH\Files\File.php(46): CodeIgniter\Files\Exceptions\FileNotFoundException::forFileNotFound('image/200')
 2 SYSTEMPATH\Images\Handlers\BaseHandler.php(148): CodeIgniter\Files\File->__construct('image/200', true)
 3 APPPATH\Controllers\Image.php(15): CodeIgniter\Images\Handlers\BaseHandler->withFile('image/200')
 4 APPPATH\Views\template-parts\banneer01.php(7): App\Controllers\Image::resize_image(200, 200, 'devweb.fw.png')
 5 SYSTEMPATH\View\View.php(213): include('APPPATH\\Views\\template-parts\\banneer01.php')
 6 SYSTEMPATH\View\View.php(216): CodeIgniter\View\View->CodeIgniter\View\{closure}()
 7 SYSTEMPATH\Common.php(1135): CodeIgniter\View\View->render('template-parts/banneer01', [], true)
 8 APPPATH\Controllers\Accueil.php(10): view('template-parts/banneer01')
 9 SYSTEMPATH\CodeIgniter.php(896): App\Controllers\Accueil->accueil()
10 SYSTEMPATH\CodeIgniter.php(466): CodeIgniter\CodeIgniter->runController(Object(App\Controllers\Accueil))
11 SYSTEMPATH\CodeIgniter.php(349): CodeIgniter\CodeIgniter->handleRequest(null, Object(Config\Cache), false)
12 FCPATH\index.php(55): CodeIgniter\CodeIgniter->run()
13 SYSTEMPATH\Commands\Server\rewrite.php(43): require_once('FCPATH\\index.php')
CRITICAL - 2023-03-10 07:16:56 --> File not found: image/200
in SYSTEMPATH\Files\File.php on line 46.
 1 SYSTEMPATH\Files\File.php(46): CodeIgniter\Files\Exceptions\FileNotFoundException::forFileNotFound('image/200')
 2 SYSTEMPATH\Images\Handlers\BaseHandler.php(148): CodeIgniter\Files\File->__construct('image/200', true)
 3 APPPATH\Controllers\Image.php(15): CodeIgniter\Images\Handlers\BaseHandler->withFile('image/200')
 4 APPPATH\Views\template-parts\banneer01.php(7): App\Controllers\Image::resize_image(200, 200, 'devweb.fw.png')
 5 SYSTEMPATH\View\View.php(213): include('APPPATH\\Views\\template-parts\\banneer01.php')
 6 SYSTEMPATH\View\View.php(216): CodeIgniter\View\View->CodeIgniter\View\{closure}()
 7 SYSTEMPATH\Common.php(1135): CodeIgniter\View\View->render('template-parts/banneer01', [], true)
 8 APPPATH\Controllers\Accueil.php(10): view('template-parts/banneer01')
 9 SYSTEMPATH\CodeIgniter.php(896): App\Controllers\Accueil->accueil()
10 SYSTEMPATH\CodeIgniter.php(466): CodeIgniter\CodeIgniter->runController(Object(App\Controllers\Accueil))
11 SYSTEMPATH\CodeIgniter.php(349): CodeIgniter\CodeIgniter->handleRequest(null, Object(Config\Cache), false)
12 FCPATH\index.php(55): CodeIgniter\CodeIgniter->run()
13 SYSTEMPATH\Commands\Server\rewrite.php(43): require_once('FCPATH\\index.php')
CRITICAL - 2023-03-10 07:18:41 --> File not found: image/200
in SYSTEMPATH\Files\File.php on line 46.
 1 SYSTEMPATH\Files\File.php(46): CodeIgniter\Files\Exceptions\FileNotFoundException::forFileNotFound('image/200')
 2 SYSTEMPATH\Images\Handlers\BaseHandler.php(148): CodeIgniter\Files\File->__construct('image/200', true)
 3 APPPATH\Controllers\Image.php(15): CodeIgniter\Images\Handlers\BaseHandler->withFile('image/200')
 4 APPPATH\Views\template-parts\banneer01.php(7): App\Controllers\Image::resize_image(200, 200, 'devweb.fw.png')
 5 SYSTEMPATH\View\View.php(213): include('APPPATH\\Views\\template-parts\\banneer01.php')
 6 SYSTEMPATH\View\View.php(216): CodeIgniter\View\View->CodeIgniter\View\{closure}()
 7 SYSTEMPATH\Common.php(1135): CodeIgniter\View\View->render('template-parts/banneer01', [], true)
 8 APPPATH\Controllers\Accueil.php(10): view('template-parts/banneer01')
 9 SYSTEMPATH\CodeIgniter.php(896): App\Controllers\Accueil->accueil()
10 SYSTEMPATH\CodeIgniter.php(466): CodeIgniter\CodeIgniter->runController(Object(App\Controllers\Accueil))
11 SYSTEMPATH\CodeIgniter.php(349): CodeIgniter\CodeIgniter->handleRequest(null, Object(Config\Cache), false)
12 FCPATH\index.php(55): CodeIgniter\CodeIgniter->run()
13 SYSTEMPATH\Commands\Server\rewrite.php(43): require_once('FCPATH\\index.php')
